1809743 DEBUG [2015-01-17 19:18:59]  "common/zfpage.ftl"["zh_CN",UTF-8,parsed]  using cached since E:\Live03\live\live-web\src\main\webapp\WEB-INF\view\common\zfpage.ftl didn't change.
1809745 DEBUG [2015-01-17 19:18:59]  "common/head.ftl"["zh_CN",UTF-8,parsed]  using cached since E:\Live03\live\live-web\src\main\webapp\WEB-INF\view\common\head.ftl didn't change.
1809748 DEBUG [2015-01-17 19:18:59]  "common/bottom.ftl"["zh_CN",UTF-8,parsed]  using cached since E:\Live03\live\live-web\src\main\webapp\WEB-INF\view\common\bottom.ftl didn't change.
1811670 DEBUG [2015-01-17 19:19:01]  "index.ftl"["zh_CN",UTF-8,parsed]  using cached since E:\Live03\live\live-web\src\main\webapp\WEB-INF\view\index.ftl didn't change.
1811671 DEBUG [2015-01-17 19:19:01]  "common/live_common_meta.ftl"["zh_CN",UTF-8,parsed]  using cached since E:\Live03\live\live-web\src\main\webapp\WEB-INF\view\common\live_common_meta.ftl didn't change.
1811671 DEBUG [2015-01-17 19:19:01]  "common/head.ftl"["zh_CN",UTF-8,parsed]  using cached since E:\Live03\live\live-web\src\main\webapp\WEB-INF\view\common\head.ftl didn't change.
1811676 DEBUG [2015-01-17 19:19:01]  "common/bottom.ftl"["zh_CN",UTF-8,parsed]  using cached since E:\Live03\live\live-web\src\main\webapp\WEB-INF\view\common\bottom.ftl didn't change.
1812949 DEBUG [2015-01-17 19:19:02]  "vcategory.ftl"["zh_CN",UTF-8,parsed]  using cached since E:\Live03\live\live-web\src\main\webapp\WEB-INF\view\vcategory.ftl didn't change.
1812949 DEBUG [2015-01-17 19:19:02]  "common/live_common_meta.ftl"["zh_CN",UTF-8,parsed]  using cached since E:\Live03\live\live-web\src\main\webapp\WEB-INF\view\common\live_common_meta.ftl didn't change.
1812950 DEBUG [2015-01-17 19:19:02]  "common/live_common_js.ftl"["zh_CN",UTF-8,parsed]  using cached since E:\Live03\live\live-web\src\main\webapp\WEB-INF\view\common\live_common_js.ftl didn't change.
1812953 DEBUG [2015-01-17 19:19:02]  "common/zfpage.ftl"["zh_CN",UTF-8,parsed]  using cached since E:\Live03\live\live-web\src\main\webapp\WEB-INF\view\common\zfpage.ftl didn't change.
1812954 DEBUG [2015-01-17 19:19:02]  "common/head.ftl"["zh_CN",UTF-8,parsed]  using cached since E:\Live03\live\live-web\src\main\webapp\WEB-INF\view\common\head.ftl didn't change.
1812955 DEBUG [2015-01-17 19:19:02]  "common/bottom.ftl"["zh_CN",UTF-8,parsed]  using cached since E:\Live03\live\live-web\src\main\webapp\WEB-INF\view\common\bottom.ftl didn't change.
1813884 DEBUG [2015-01-17 19:19:03]  "index.ftl"["zh_CN",UTF-8,parsed]  using cached since E:\Live03\live\live-web\src\main\webapp\WEB-INF\view\index.ftl didn't change.
1813886 DEBUG [2015-01-17 19:19:03]  "common/live_common_meta.ftl"["zh_CN",UTF-8,parsed]  using cached since E:\Live03\live\live-web\src\main\webapp\WEB-INF\view\common\live_common_meta.ftl didn't change.
1813887 DEBUG [2015-01-17 19:19:03]  "common/head.ftl"["zh_CN",UTF-8,parsed]  using cached since E:\Live03\live\live-web\src\main\webapp\WEB-INF\view\common\head.ftl didn't change.
1813892 DEBUG [2015-01-17 19:19:03]  "common/bottom.ftl"["zh_CN",UTF-8,parsed]  using cached since E:\Live03\live\live-web\src\main\webapp\WEB-INF\view\common\bottom.ftl didn't change.
1870944 DEBUG [2015-01-17 19:20:00]  "videoview.ftl"["zh_CN",UTF-8,parsed]  using cached since E:\Live03\live\live-web\src\main\webapp\WEB-INF\view\videoview.ftl didn't change.
1870945 DEBUG [2015-01-17 19:20:00]  "common/live_common_meta.ftl"["zh_CN",UTF-8,parsed]  using cached since E:\Live03\live\live-web\src\main\webapp\WEB-INF\view\common\live_common_meta.ftl didn't change.
1870948 DEBUG [2015-01-17 19:20:00]  "common/live_common_js.ftl"["zh_CN",UTF-8,parsed]  using cached since E:\Live03\live\live-web\src\main\webapp\WEB-INF\view\common\live_common_js.ftl didn't change.
1870949 DEBUG [2015-01-17 19:20:00]  "common/head.ftl"["zh_CN",UTF-8,parsed]  using cached since E:\Live03\live\live-web\src\main\webapp\WEB-INF\view\common\head.ftl didn't change.
1870950 DEBUG [2015-01-17 19:20:00]  "common/bottom.ftl"["zh_CN",UTF-8,parsed]  using cached since E:\Live03\live\live-web\src\main\webapp\WEB-INF\view\common\bottom.ftl didn't change.
1927893 DEBUG [2015-01-17 19:20:57]  "index.ftl"["zh_CN",UTF-8,parsed]  using cached since E:\Live03\live\live-web\src\main\webapp\WEB-INF\view\index.ftl didn't change.
1927893 DEBUG [2015-01-17 19:20:57]  "common/live_common_meta.ftl"["zh_CN",UTF-8,parsed]  using cached since E:\Live03\live\live-web\src\main\webapp\WEB-INF\view\common\live_common_meta.ftl didn't change.
1927893 DEBUG [2015-01-17 19:20:57]  "common/head.ftl"["zh_CN",UTF-8,parsed]  using cached since E:\Live03\live\live-web\src\main\webapp\WEB-INF\view\common\head.ftl didn't change.
1927917 DEBUG [2015-01-17 19:20:57]  "common/bottom.ftl"["zh_CN",UTF-8,parsed]  using cached since E:\Live03\live\live-web\src\main\webapp\WEB-INF\view\common\bottom.ftl didn't change.
1935126 DEBUG [2015-01-17 19:21:04]  "vcategory.ftl"["zh_CN",UTF-8,parsed]  using cached since E:\Live03\live\live-web\src\main\webapp\WEB-INF\view\vcategory.ftl didn't change.
1935127 DEBUG [2015-01-17 19:21:04]  "common/live_common_meta.ftl"["zh_CN",UTF-8,parsed]  using cached since E:\Live03\live\live-web\src\main\webapp\WEB-INF\view\common\live_common_meta.ftl didn't change.
1935127 DEBUG [2015-01-17 19:21:04]  "common/live_common_js.ftl"["zh_CN",UTF-8,parsed]  using cached since E:\Live03\live\live-web\src\main\webapp\WEB-INF\view\common\live_common_js.ftl didn't change.
1935128 DEBUG [2015-01-17 19:21:04]  "common/zfpage.ftl"["zh_CN",UTF-8,parsed]  using cached since E:\Live03\live\live-web\src\main\webapp\WEB-INF\view\common\zfpage.ftl didn't change.
1935128 DEBUG [2015-01-17 19:21:04]  "common/head.ftl"["zh_CN",UTF-8,parsed]  using cached since E:\Live03\live\live-web\src\main\webapp\WEB-INF\view\common\head.ftl didn't change.
1935132 DEBUG [2015-01-17 19:21:04]  "common/bottom.ftl"["zh_CN",UTF-8,parsed]  using cached since E:\Live03\live\live-web\src\main\webapp\WEB-INF\view\common\bottom.ftl didn't change.
1937656 DEBUG [2015-01-17 19:21:07]  "index.ftl"["zh_CN",UTF-8,parsed]  using cached since E:\Live03\live\live-web\src\main\webapp\WEB-INF\view\index.ftl didn't change.
1937656 DEBUG [2015-01-17 19:21:07]  "common/live_common_meta.ftl"["zh_CN",UTF-8,parsed]  using cached since E:\Live03\live\live-web\src\main\webapp\WEB-INF\view\common\live_common_meta.ftl didn't change.
1937656 DEBUG [2015-01-17 19:21:07]  "common/head.ftl"["zh_CN",UTF-8,parsed]  using cached since E:\Live03\live\live-web\src\main\webapp\WEB-INF\view\common\head.ftl didn't change.
1937672 DEBUG [2015-01-17 19:21:07]  "common/bottom.ftl"["zh_CN",UTF-8,parsed]  using cached since E:\Live03\live\live-web\src\main\webapp\WEB-INF\view\common\bottom.ftl didn't change.
1945803 DEBUG [2015-01-17 19:21:15]  "index.ftl"["zh_CN",UTF-8,parsed]  using cached since E:\Live03\live\live-web\src\main\webapp\WEB-INF\view\index.ftl didn't change.
1945803 DEBUG [2015-01-17 19:21:15]  "common/live_common_meta.ftl"["zh_CN",UTF-8,parsed]  using cached since E:\Live03\live\live-web\src\main\webapp\WEB-INF\view\common\live_common_meta.ftl didn't change.
1945803 DEBUG [2015-01-17 19:21:15]  "common/head.ftl"["zh_CN",UTF-8,parsed]  using cached since E:\Live03\live\live-web\src\main\webapp\WEB-INF\view\common\head.ftl didn't change.
1945819 DEBUG [2015-01-17 19:21:15]  "common/bottom.ftl"["zh_CN",UTF-8,parsed]  using cached since E:\Live03\live\live-web\src\main\webapp\WEB-INF\view\common\bottom.ftl didn't change.
2015376 DEBUG [2015-01-17 19:22:24]  "videoview.ftl"["zh_CN",UTF-8,parsed]  using cached since E:\Live03\live\live-web\src\main\webapp\WEB-INF\view\videoview.ftl didn't change.
2015377 DEBUG [2015-01-17 19:22:24]  "common/live_common_meta.ftl"["zh_CN",UTF-8,parsed]  using cached since E:\Live03\live\live-web\src\main\webapp\WEB-INF\view\common\live_common_meta.ftl didn't change.
2015378 DEBUG [2015-01-17 19:22:24]  "common/live_common_js.ftl"["zh_CN",UTF-8,parsed]  using cached since E:\Live03\live\live-web\src\main\webapp\WEB-INF\view\common\live_common_js.ftl didn't change.
2015379 DEBUG [2015-01-17 19:22:24]  "common/head.ftl"["zh_CN",UTF-8,parsed]  using cached since E:\Live03\live\live-web\src\main\webapp\WEB-INF\view\common\head.ftl didn't change.
2015379 DEBUG [2015-01-17 19:22:24]  "common/bottom.ftl"["zh_CN",UTF-8,parsed]  using cached since E:\Live03\live\live-web\src\main\webapp\WEB-INF\view\common\bottom.ftl didn't change.
2261152 DEBUG [2015-01-17 19:26:30]  "vcategory.ftl"["zh_CN",UTF-8,parsed]  using cached since E:\Live03\live\live-web\src\main\webapp\WEB-INF\view\vcategory.ftl didn't change.
2261153 DEBUG [2015-01-17 19:26:30]  "common/live_common_meta.ftl"["zh_CN",UTF-8,parsed]  using cached since E:\Live03\live\live-web\src\main\webapp\WEB-INF\view\common\live_common_meta.ftl didn't change.
2261153 DEBUG [2015-01-17 19:26:30]  "common/live_common_js.ftl"["zh_CN",UTF-8,parsed]  using cached since E:\Live03\live\live-web\src\main\webapp\WEB-INF\view\common\live_common_js.ftl didn't change.
2261154 DEBUG [2015-01-17 19:26:30]  "common/zfpage.ftl"["zh_CN",UTF-8,parsed]  using cached since E:\Live03\live\live-web\src\main\webapp\WEB-INF\view\common\zfpage.ftl didn't change.
2261154 DEBUG [2015-01-17 19:26:30]  "common/head.ftl"["zh_CN",UTF-8,parsed]  using cached since E:\Live03\live\live-web\src\main\webapp\WEB-INF\view\common\head.ftl didn't change.
2261156 DEBUG [2015-01-17 19:26:30]  "common/bottom.ftl"["zh_CN",UTF-8,parsed]  using cached since E:\Live03\live\live-web\src\main\webapp\WEB-INF\view\common\bottom.ftl didn't change.
2613231 DEBUG [2015-01-17 19:32:22]  "videoview.ftl"["zh_CN",UTF-8,parsed]  using cached since E:\Live03\live\live-web\src\main\webapp\WEB-INF\view\videoview.ftl didn't change.
2613232 DEBUG [2015-01-17 19:32:22]  "common/live_common_meta.ftl"["zh_CN",UTF-8,parsed]  using cached since E:\Live03\live\live-web\src\main\webapp\WEB-INF\view\common\live_common_meta.ftl didn't change.
2613232 DEBUG [2015-01-17 19:32:22]  "common/live_common_js.ftl"["zh_CN",UTF-8,parsed]  using cached since E:\Live03\live\live-web\src\main\webapp\WEB-INF\view\common\live_common_js.ftl didn't change.
2613233 DEBUG [2015-01-17 19:32:22]  "common/head.ftl"["zh_CN",UTF-8,parsed]  using cached since E:\Live03\live\live-web\src\main\webapp\WEB-INF\view\common\head.ftl didn't change.
2613234 DEBUG [2015-01-17 19:32:22]  "common/bottom.ftl"["zh_CN",UTF-8,parsed]  using cached since E:\Live03\live\live-web\src\main\webapp\WEB-INF\view\common\bottom.ftl didn't change.
3632312 DEBUG [2015-01-17 19:49:21]  "vcategory.ftl"["zh_CN",UTF-8,parsed]  using cached since E:\Live03\live\live-web\src\main\webapp\WEB-INF\view\vcategory.ftl didn't change.
3632313 DEBUG [2015-01-17 19:49:21]  "common/live_common_meta.ftl"["zh_CN",UTF-8,parsed]  using cached since E:\Live03\live\live-web\src\main\webapp\WEB-INF\view\common\live_common_meta.ftl didn't change.
3632313 DEBUG [2015-01-17 19:49:21]  "common/live_common_js.ftl"["zh_CN",UTF-8,parsed]  using cached since E:\Live03\live\live-web\src\main\webapp\WEB-INF\view\common\live_common_js.ftl didn't change.
3632314 DEBUG [2015-01-17 19:49:21]  "common/zfpage.ftl"["zh_CN",UTF-8,parsed]  using cached since E:\Live03\live\live-web\src\main\webapp\WEB-INF\view\common\zfpage.ftl didn't change.
3632315 DEBUG [2015-01-17 19:49:21]  "common/head.ftl"["zh_CN",UTF-8,parsed]  using cached since E:\Live03\live\live-web\src\main\webapp\WEB-INF\view\common\head.ftl didn't change.
3632317 DEBUG [2015-01-17 19:49:21]  "common/bottom.ftl"["zh_CN",UTF-8,parsed]  using cached since E:\Live03\live\live-web\src\main\webapp\WEB-INF\view\common\bottom.ftl didn't change.
9553083 DEBUG [2015-01-17 21:28:02]  "videoview.ftl"["zh_CN",UTF-8,parsed]  using cached since E:\Live03\live\live-web\src\main\webapp\WEB-INF\view\videoview.ftl didn't change.
9553084 DEBUG [2015-01-17 21:28:02]  "common/live_common_meta.ftl"["zh_CN",UTF-8,parsed]  using cached since E:\Live03\live\live-web\src\main\webapp\WEB-INF\view\common\live_common_meta.ftl didn't change.
9553084 DEBUG [2015-01-17 21:28:02]  "common/live_common_js.ftl"["zh_CN",UTF-8,parsed]  using cached since E:\Live03\live\live-web\src\main\webapp\WEB-INF\view\common\live_common_js.ftl didn't change.
9553085 DEBUG [2015-01-17 21:28:02]  "common/head.ftl"["zh_CN",UTF-8,parsed]  using cached since E:\Live03\live\live-web\src\main\webapp\WEB-INF\view\common\head.ftl didn't change.
9553085 DEBUG [2015-01-17 21:28:02]  "common/bottom.ftl"["zh_CN",UTF-8,parsed]  using cached since E:\Live03\live\live-web\src\main\webapp\WEB-INF\view\common\bottom.ftl didn't change.
19068685 DEBUG [2015-01-18 00:06:38]  "vcategory.ftl"["zh_CN",UTF-8,parsed]  using cached since E:\Live03\live\live-web\src\main\webapp\WEB-INF\view\vcategory.ftl didn't change.
19068685 DEBUG [2015-01-18 00:06:38]  Could not find template in cache, creating new one; id=["common/live_common_meta.ftl"["zh_CN",UTF-8,parsed] ]
19068685 DEBUG [2015-01-18 00:06:38]  Compiling FreeMarker template "common/live_common_meta.ftl"["zh_CN",UTF-8,parsed]  from "E:\\Live03\\live\\live-web\\src\\main\\webapp\\WEB-INF\\view\\common\\live_common_meta.ftl"
19068685 DEBUG [2015-01-18 00:06:38]  Could not find template in cache, creating new one; id=["common/live_common_js.ftl"["zh_CN",UTF-8,parsed] ]
19068685 DEBUG [2015-01-18 00:06:38]  Compiling FreeMarker template "common/live_common_js.ftl"["zh_CN",UTF-8,parsed]  from "E:\\Live03\\live\\live-web\\src\\main\\webapp\\WEB-INF\\view\\common\\live_common_js.ftl"
19068688 DEBUG [2015-01-18 00:06:38]  "common/zfpage.ftl"["zh_CN",UTF-8,parsed]  using cached since E:\Live03\live\live-web\src\main\webapp\WEB-INF\view\common\zfpage.ftl didn't change.
19068688 DEBUG [2015-01-18 00:06:38]  Could not find template in cache, creating new one; id=["common/head.ftl"["zh_CN",UTF-8,parsed] ]
19068688 DEBUG [2015-01-18 00:06:38]  Compiling FreeMarker template "common/head.ftl"["zh_CN",UTF-8,parsed]  from "E:\\Live03\\live\\live-web\\src\\main\\webapp\\WEB-INF\\view\\common\\head.ftl"
19068693 DEBUG [2015-01-18 00:06:38]  Could not find template in cache, creating new one; id=["common/bottom.ftl"["zh_CN",UTF-8,parsed] ]
19068693 DEBUG [2015-01-18 00:06:38]  Compiling FreeMarker template "common/bottom.ftl"["zh_CN",UTF-8,parsed]  from "E:\\Live03\\live\\live-web\\src\\main\\webapp\\WEB-INF\\view\\common\\bottom.ftl"
19076523 DEBUG [2015-01-18 00:06:45]  Could not find template in cache, creating new one; id=["videoview.ftl"["zh_CN",UTF-8,parsed] ]
19076528 DEBUG [2015-01-18 00:06:45]  Compiling FreeMarker template "videoview.ftl"["zh_CN",UTF-8,parsed]  from "E:\\Live03\\live\\live-web\\src\\main\\webapp\\WEB-INF\\view\\videoview.ftl"
19076593 DEBUG [2015-01-18 00:06:46]  "common/live_common_meta.ftl"["zh_CN",UTF-8,parsed]  using cached since E:\Live03\live\live-web\src\main\webapp\WEB-INF\view\common\live_common_meta.ftl didn't change.
19076596 DEBUG [2015-01-18 00:06:46]  "common/live_common_js.ftl"["zh_CN",UTF-8,parsed]  using cached since E:\Live03\live\live-web\src\main\webapp\WEB-INF\view\common\live_common_js.ftl didn't change.
19076603 DEBUG [2015-01-18 00:06:46]  "common/head.ftl"["zh_CN",UTF-8,parsed]  using cached since E:\Live03\live\live-web\src\main\webapp\WEB-INF\view\common\head.ftl didn't change.
19076606 DEBUG [2015-01-18 00:06:46]  "common/bottom.ftl"["zh_CN",UTF-8,parsed]  using cached since E:\Live03\live\live-web\src\main\webapp\WEB-INF\view\common\bottom.ftl didn't change.
19086844 DEBUG [2015-01-18 00:06:56]  "videoview.ftl"["zh_CN",UTF-8,parsed]  using cached since E:\Live03\live\live-web\src\main\webapp\WEB-INF\view\videoview.ftl didn't change.
19086844 DEBUG [2015-01-18 00:06:56]  "common/live_common_meta.ftl"["zh_CN",UTF-8,parsed]  using cached since E:\Live03\live\live-web\src\main\webapp\WEB-INF\view\common\live_common_meta.ftl didn't change.
19086844 DEBUG [2015-01-18 00:06:56]  "common/live_common_js.ftl"["zh_CN",UTF-8,parsed]  using cached since E:\Live03\live\live-web\src\main\webapp\WEB-INF\view\common\live_common_js.ftl didn't change.
19086844 DEBUG [2015-01-18 00:06:56]  "common/head.ftl"["zh_CN",UTF-8,parsed]  using cached since E:\Live03\live\live-web\src\main\webapp\WEB-INF\view\common\head.ftl didn't change.
19086844 DEBUG [2015-01-18 00:06:56]  "common/bottom.ftl"["zh_CN",UTF-8,parsed]  using cached since E:\Live03\live\live-web\src\main\webapp\WEB-INF\view\common\bottom.ftl didn't change.
19179587 DEBUG [2015-01-18 00:08:29]  "videoview.ftl"["zh_CN",UTF-8,parsed]  using cached since E:\Live03\live\live-web\src\main\webapp\WEB-INF\view\videoview.ftl didn't change.
19179587 DEBUG [2015-01-18 00:08:29]  "common/live_common_meta.ftl"["zh_CN",UTF-8,parsed]  using cached since E:\Live03\live\live-web\src\main\webapp\WEB-INF\view\common\live_common_meta.ftl didn't change.
19179587 DEBUG [2015-01-18 00:08:29]  "common/live_common_js.ftl"["zh_CN",UTF-8,parsed]  using cached since E:\Live03\live\live-web\src\main\webapp\WEB-INF\view\common\live_common_js.ftl didn't change.
19179587 DEBUG [2015-01-18 00:08:29]  "common/head.ftl"["zh_CN",UTF-8,parsed]  using cached since E:\Live03\live\live-web\src\main\webapp\WEB-INF\view\common\head.ftl didn't change.
19179587 DEBUG [2015-01-18 00:08:29]  "common/bottom.ftl"["zh_CN",UTF-8,parsed]  using cached since E:\Live03\live\live-web\src\main\webapp\WEB-INF\view\common\bottom.ftl didn't change.
19180969 DEBUG [2015-01-18 00:08:30]  "videoview.ftl"["zh_CN",UTF-8,parsed]  using cached since E:\Live03\live\live-web\src\main\webapp\WEB-INF\view\videoview.ftl didn't change.
19180969 DEBUG [2015-01-18 00:08:30]  "common/live_common_meta.ftl"["zh_CN",UTF-8,parsed]  using cached since E:\Live03\live\live-web\src\main\webapp\WEB-INF\view\common\live_common_meta.ftl didn't change.
19180971 DEBUG [2015-01-18 00:08:30]  "common/live_common_js.ftl"["zh_CN",UTF-8,parsed]  using cached since E:\Live03\live\live-web\src\main\webapp\WEB-INF\view\common\live_common_js.ftl didn't change.
19180971 DEBUG [2015-01-18 00:08:30]  "common/head.ftl"["zh_CN",UTF-8,parsed]  using cached since E:\Live03\live\live-web\src\main\webapp\WEB-INF\view\common\head.ftl didn't change.
19180971 DEBUG [2015-01-18 00:08:30]  "common/bottom.ftl"["zh_CN",UTF-8,parsed]  using cached since E:\Live03\live\live-web\src\main\webapp\WEB-INF\view\common\bottom.ftl didn't change.
19202378 DEBUG [2015-01-18 00:08:51]  "videoview.ftl"["zh_CN",UTF-8,parsed]  using cached since E:\Live03\live\live-web\src\main\webapp\WEB-INF\view\videoview.ftl didn't change.
19202380 DEBUG [2015-01-18 00:08:51]  "common/live_common_meta.ftl"["zh_CN",UTF-8,parsed]  using cached since E:\Live03\live\live-web\src\main\webapp\WEB-INF\view\common\live_common_meta.ftl didn't change.
19202380 DEBUG [2015-01-18 00:08:51]  "common/live_common_js.ftl"["zh_CN",UTF-8,parsed]  using cached since E:\Live03\live\live-web\src\main\webapp\WEB-INF\view\common\live_common_js.ftl didn't change.
19202380 DEBUG [2015-01-18 00:08:51]  "common/head.ftl"["zh_CN",UTF-8,parsed]  using cached since E:\Live03\live\live-web\src\main\webapp\WEB-INF\view\common\head.ftl didn't change.
19202380 DEBUG [2015-01-18 00:08:51]  "common/bottom.ftl"["zh_CN",UTF-8,parsed]  using cached since E:\Live03\live\live-web\src\main\webapp\WEB-INF\view\common\bottom.ftl didn't change.
19209007 DEBUG [2015-01-18 00:08:58]  "videoview.ftl"["zh_CN",UTF-8,parsed]  using cached since E:\Live03\live\live-web\src\main\webapp\WEB-INF\view\videoview.ftl didn't change.
19209007 DEBUG [2015-01-18 00:08:58]  "common/live_common_meta.ftl"["zh_CN",UTF-8,parsed]  using cached since E:\Live03\live\live-web\src\main\webapp\WEB-INF\view\common\live_common_meta.ftl didn't change.
19209008 DEBUG [2015-01-18 00:08:58]  "common/live_common_js.ftl"["zh_CN",UTF-8,parsed]  using cached since E:\Live03\live\live-web\src\main\webapp\WEB-INF\view\common\live_common_js.ftl didn't change.
19209008 DEBUG [2015-01-18 00:08:58]  "common/head.ftl"["zh_CN",UTF-8,parsed]  using cached since E:\Live03\live\live-web\src\main\webapp\WEB-INF\view\common\head.ftl didn't change.
19209010 DEBUG [2015-01-18 00:08:58]  "common/bottom.ftl"["zh_CN",UTF-8,parsed]  using cached since E:\Live03\live\live-web\src\main\webapp\WEB-INF\view\common\bottom.ftl didn't change.
19242462 DEBUG [2015-01-18 00:09:31]  "videoview.ftl"["zh_CN",UTF-8,parsed]  using cached since E:\Live03\live\live-web\src\main\webapp\WEB-INF\view\videoview.ftl didn't change.
19242467 DEBUG [2015-01-18 00:09:31]  "common/live_common_meta.ftl"["zh_CN",UTF-8,parsed]  using cached since E:\Live03\live\live-web\src\main\webapp\WEB-INF\view\common\live_common_meta.ftl didn't change.
19242469 DEBUG [2015-01-18 00:09:31]  "common/live_common_js.ftl"["zh_CN",UTF-8,parsed]  using cached since E:\Live03\live\live-web\src\main\webapp\WEB-INF\view\common\live_common_js.ftl didn't change.
19242470 DEBUG [2015-01-18 00:09:31]  "common/head.ftl"["zh_CN",UTF-8,parsed]  using cached since E:\Live03\live\live-web\src\main\webapp\WEB-INF\view\common\head.ftl didn't change.
19242470 DEBUG [2015-01-18 00:09:31]  "common/bottom.ftl"["zh_CN",UTF-8,parsed]  using cached since E:\Live03\live\live-web\src\main\webapp\WEB-INF\view\common\bottom.ftl didn't change.
19254204 DEBUG [2015-01-18 00:09:43]  "videoview.ftl"["zh_CN",UTF-8,parsed]  using cached since E:\Live03\live\live-web\src\main\webapp\WEB-INF\view\videoview.ftl didn't change.
19254206 DEBUG [2015-01-18 00:09:43]  "common/live_common_meta.ftl"["zh_CN",UTF-8,parsed]  using cached since E:\Live03\live\live-web\src\main\webapp\WEB-INF\view\common\live_common_meta.ftl didn't change.
19254206 DEBUG [2015-01-18 00:09:43]  "common/live_common_js.ftl"["zh_CN",UTF-8,parsed]  using cached since E:\Live03\live\live-web\src\main\webapp\WEB-INF\view\common\live_common_js.ftl didn't change.
19254206 DEBUG [2015-01-18 00:09:43]  "common/head.ftl"["zh_CN",UTF-8,parsed]  using cached since E:\Live03\live\live-web\src\main\webapp\WEB-INF\view\common\head.ftl didn't change.
19254209 DEBUG [2015-01-18 00:09:43]  "common/bottom.ftl"["zh_CN",UTF-8,parsed]  using cached since E:\Live03\live\live-web\src\main\webapp\WEB-INF\view\common\bottom.ftl didn't change.
19318281 DEBUG [2015-01-18 00:10:47]  Updating source, info for cause: lastModifiedNotChanged=false, cache lastModified=1421510778494 != file lastModified=1421511045803
19318281 DEBUG [2015-01-18 00:10:47]  Compiling FreeMarker template "videoview.ftl"["zh_CN",UTF-8,parsed]  from "E:\\Live03\\live\\live-web\\src\\main\\webapp\\WEB-INF\\view\\videoview.ftl"
19318303 DEBUG [2015-01-18 00:10:47]  "common/live_common_meta.ftl"["zh_CN",UTF-8,parsed]  using cached since E:\Live03\live\live-web\src\main\webapp\WEB-INF\view\common\live_common_meta.ftl didn't change.
19318308 DEBUG [2015-01-18 00:10:47]  "common/live_common_js.ftl"["zh_CN",UTF-8,parsed]  using cached since E:\Live03\live\live-web\src\main\webapp\WEB-INF\view\common\live_common_js.ftl didn't change.
19318308 DEBUG [2015-01-18 00:10:47]  "common/head.ftl"["zh_CN",UTF-8,parsed]  using cached since E:\Live03\live\live-web\src\main\webapp\WEB-INF\view\common\head.ftl didn't change.
19318308 DEBUG [2015-01-18 00:10:47]  "common/bottom.ftl"["zh_CN",UTF-8,parsed]  using cached since E:\Live03\live\live-web\src\main\webapp\WEB-INF\view\common\bottom.ftl didn't change.
19325083 DEBUG [2015-01-18 00:10:54]  "videoview.ftl"["zh_CN",UTF-8,parsed]  using cached since E:\Live03\live\live-web\src\main\webapp\WEB-INF\view\videoview.ftl didn't change.
19325083 DEBUG [2015-01-18 00:10:54]  "common/live_common_meta.ftl"["zh_CN",UTF-8,parsed]  using cached since E:\Live03\live\live-web\src\main\webapp\WEB-INF\view\common\live_common_meta.ftl didn't change.
19325083 DEBUG [2015-01-18 00:10:54]  "common/live_common_js.ftl"["zh_CN",UTF-8,parsed]  using cached since E:\Live03\live\live-web\src\main\webapp\WEB-INF\view\common\live_common_js.ftl didn't change.
19325086 DEBUG [2015-01-18 00:10:54]  "common/head.ftl"["zh_CN",UTF-8,parsed]  using cached since E:\Live03\live\live-web\src\main\webapp\WEB-INF\view\common\head.ftl didn't change.
19325086 DEBUG [2015-01-18 00:10:54]  "common/bottom.ftl"["zh_CN",UTF-8,parsed]  using cached since E:\Live03\live\live-web\src\main\webapp\WEB-INF\view\common\bottom.ftl didn't change.
19348359 DEBUG [2015-01-18 00:11:17]  "vcategory.ftl"["zh_CN",UTF-8,parsed]  using cached since E:\Live03\live\live-web\src\main\webapp\WEB-INF\view\vcategory.ftl didn't change.
19348359 DEBUG [2015-01-18 00:11:17]  "common/live_common_meta.ftl"["zh_CN",UTF-8,parsed]  using cached since E:\Live03\live\live-web\src\main\webapp\WEB-INF\view\common\live_common_meta.ftl didn't change.
19348359 DEBUG [2015-01-18 00:11:17]  "common/live_common_js.ftl"["zh_CN",UTF-8,parsed]  using cached since E:\Live03\live\live-web\src\main\webapp\WEB-INF\view\common\live_common_js.ftl didn't change.
19348361 DEBUG [2015-01-18 00:11:17]  "common/zfpage.ftl"["zh_CN",UTF-8,parsed]  using cached since E:\Live03\live\live-web\src\main\webapp\WEB-INF\view\common\zfpage.ftl didn't change.
19348361 DEBUG [2015-01-18 00:11:17]  "common/head.ftl"["zh_CN",UTF-8,parsed]  using cached since E:\Live03\live\live-web\src\main\webapp\WEB-INF\view\common\head.ftl didn't change.
19348364 DEBUG [2015-01-18 00:11:17]  "common/bottom.ftl"["zh_CN",UTF-8,parsed]  using cached since E:\Live03\live\live-web\src\main\webapp\WEB-INF\view\common\bottom.ftl didn't change.
19351602 DEBUG [2015-01-18 00:11:21]  "index.ftl"["zh_CN",UTF-8,parsed]  using cached since E:\Live03\live\live-web\src\main\webapp\WEB-INF\view\index.ftl didn't change.
19351602 DEBUG [2015-01-18 00:11:21]  "common/live_common_meta.ftl"["zh_CN",UTF-8,parsed]  using cached since E:\Live03\live\live-web\src\main\webapp\WEB-INF\view\common\live_common_meta.ftl didn't change.
19351602 DEBUG [2015-01-18 00:11:21]  "common/head.ftl"["zh_CN",UTF-8,parsed]  using cached since E:\Live03\live\live-web\src\main\webapp\WEB-INF\view\common\head.ftl didn't change.
19351602 DEBUG [2015-01-18 00:11:21]  "common/bottom.ftl"["zh_CN",UTF-8,parsed]  using cached since E:\Live03\live\live-web\src\main\webapp\WEB-INF\view\common\bottom.ftl didn't change.
19387710 DEBUG [2015-01-18 00:11:57]  "vcategory.ftl"["zh_CN",UTF-8,parsed]  using cached since E:\Live03\live\live-web\src\main\webapp\WEB-INF\view\vcategory.ftl didn't change.
19387713 DEBUG [2015-01-18 00:11:57]  "common/live_common_meta.ftl"["zh_CN",UTF-8,parsed]  using cached since E:\Live03\live\live-web\src\main\webapp\WEB-INF\view\common\live_common_meta.ftl didn't change.
19387720 DEBUG [2015-01-18 00:11:57]  "common/live_common_js.ftl"["zh_CN",UTF-8,parsed]  using cached since E:\Live03\live\live-web\src\main\webapp\WEB-INF\view\common\live_common_js.ftl didn't change.
19387723 DEBUG [2015-01-18 00:11:57]  "common/zfpage.ftl"["zh_CN",UTF-8,parsed]  using cached since E:\Live03\live\live-web\src\main\webapp\WEB-INF\view\common\zfpage.ftl didn't change.
19387728 DEBUG [2015-01-18 00:11:57]  "common/head.ftl"["zh_CN",UTF-8,parsed]  using cached since E:\Live03\live\live-web\src\main\webapp\WEB-INF\view\common\head.ftl didn't change.
19387728 DEBUG [2015-01-18 00:11:57]  "common/bottom.ftl"["zh_CN",UTF-8,parsed]  using cached since E:\Live03\live\live-web\src\main\webapp\WEB-INF\view\common\bottom.ftl didn't change.
19403842 DEBUG [2015-01-18 00:12:13]  "index.ftl"["zh_CN",UTF-8,parsed]  using cached since E:\Live03\live\live-web\src\main\webapp\WEB-INF\view\index.ftl didn't change.
19403842 DEBUG [2015-01-18 00:12:13]  "common/live_common_meta.ftl"["zh_CN",UTF-8,parsed]  using cached since E:\Live03\live\live-web\src\main\webapp\WEB-INF\view\common\live_common_meta.ftl didn't change.
19403842 DEBUG [2015-01-18 00:12:13]  "common/head.ftl"["zh_CN",UTF-8,parsed]  using cached since E:\Live03\live\live-web\src\main\webapp\WEB-INF\view\common\head.ftl didn't change.
19403858 DEBUG [2015-01-18 00:12:13]  "common/bottom.ftl"["zh_CN",UTF-8,parsed]  using cached since E:\Live03\live\live-web\src\main\webapp\WEB-INF\view\common\bottom.ftl didn't change.
19413155 DEBUG [2015-01-18 00:12:22]  "vcategory.ftl"["zh_CN",UTF-8,parsed]  using cached since E:\Live03\live\live-web\src\main\webapp\WEB-INF\view\vcategory.ftl didn't change.
19413155 DEBUG [2015-01-18 00:12:22]  "common/live_common_meta.ftl"["zh_CN",UTF-8,parsed]  using cached since E:\Live03\live\live-web\src\main\webapp\WEB-INF\view\common\live_common_meta.ftl didn't change.
19413155 DEBUG [2015-01-18 00:12:22]  "common/live_common_js.ftl"["zh_CN",UTF-8,parsed]  using cached since E:\Live03\live\live-web\src\main\webapp\WEB-INF\view\common\live_common_js.ftl didn't change.
19413155 DEBUG [2015-01-18 00:12:22]  "common/zfpage.ftl"["zh_CN",UTF-8,parsed]  using cached since E:\Live03\live\live-web\src\main\webapp\WEB-INF\view\common\zfpage.ftl didn't change.
19413170 DEBUG [2015-01-18 00:12:22]  "common/head.ftl"["zh_CN",UTF-8,parsed]  using cached since E:\Live03\live\live-web\src\main\webapp\WEB-INF\view\common\head.ftl didn't change.
19413170 DEBUG [2015-01-18 00:12:22]  "common/bottom.ftl"["zh_CN",UTF-8,parsed]  using cached since E:\Live03\live\live-web\src\main\webapp\WEB-INF\view\common\bottom.ftl didn't change.
19445266 DEBUG [2015-01-18 00:12:54]  "videoview.ftl"["zh_CN",UTF-8,parsed]  using cached since E:\Live03\live\live-web\src\main\webapp\WEB-INF\view\videoview.ftl didn't change.
19445268 DEBUG [2015-01-18 00:12:54]  "common/live_common_meta.ftl"["zh_CN",UTF-8,parsed]  using cached since E:\Live03\live\live-web\src\main\webapp\WEB-INF\view\common\live_common_meta.ftl didn't change.
19445268 DEBUG [2015-01-18 00:12:54]  "common/live_common_js.ftl"["zh_CN",UTF-8,parsed]  using cached since E:\Live03\live\live-web\src\main\webapp\WEB-INF\view\common\live_common_js.ftl didn't change.
19445268 DEBUG [2015-01-18 00:12:54]  "common/head.ftl"["zh_CN",UTF-8,parsed]  using cached since E:\Live03\live\live-web\src\main\webapp\WEB-INF\view\common\head.ftl didn't change.
19445271 DEBUG [2015-01-18 00:12:54]  "common/bottom.ftl"["zh_CN",UTF-8,parsed]  using cached since E:\Live03\live\live-web\src\main\webapp\WEB-INF\view\common\bottom.ftl didn't change.
19473786 DEBUG [2015-01-18 00:13:23]  "videoview.ftl"["zh_CN",UTF-8,parsed]  using cached since E:\Live03\live\live-web\src\main\webapp\WEB-INF\view\videoview.ftl didn't change.
19473786 DEBUG [2015-01-18 00:13:23]  "common/live_common_meta.ftl"["zh_CN",UTF-8,parsed]  using cached since E:\Live03\live\live-web\src\main\webapp\WEB-INF\view\common\live_common_meta.ftl didn't change.
19473787 DEBUG [2015-01-18 00:13:23]  "common/live_common_js.ftl"["zh_CN",UTF-8,parsed]  using cached since E:\Live03\live\live-web\src\main\webapp\WEB-INF\view\common\live_common_js.ftl didn't change.
19473788 DEBUG [2015-01-18 00:13:23]  "common/head.ftl"["zh_CN",UTF-8,parsed]  using cached since E:\Live03\live\live-web\src\main\webapp\WEB-INF\view\common\head.ftl didn't change.
19473788 DEBUG [2015-01-18 00:13:23]  "common/bottom.ftl"["zh_CN",UTF-8,parsed]  using cached since E:\Live03\live\live-web\src\main\webapp\WEB-INF\view\common\bottom.ftl didn't change.
19496037 DEBUG [2015-01-18 00:13:45]  "videoview.ftl"["zh_CN",UTF-8,parsed]  using cached since E:\Live03\live\live-web\src\main\webapp\WEB-INF\view\videoview.ftl didn't change.
19496037 DEBUG [2015-01-18 00:13:45]  "common/live_common_meta.ftl"["zh_CN",UTF-8,parsed]  using cached since E:\Live03\live\live-web\src\main\webapp\WEB-INF\view\common\live_common_meta.ftl didn't change.
19496037 DEBUG [2015-01-18 00:13:45]  "common/live_common_js.ftl"["zh_CN",UTF-8,parsed]  using cached since E:\Live03\live\live-web\src\main\webapp\WEB-INF\view\common\live_common_js.ftl didn't change.
19496037 DEBUG [2015-01-18 00:13:45]  "common/head.ftl"["zh_CN",UTF-8,parsed]  using cached since E:\Live03\live\live-web\src\main\webapp\WEB-INF\view\common\head.ftl didn't change.
19496037 DEBUG [2015-01-18 00:13:45]  "common/bottom.ftl"["zh_CN",UTF-8,parsed]  using cached since E:\Live03\live\live-web\src\main\webapp\WEB-INF\view\common\bottom.ftl didn't change.
19524783 DEBUG [2015-01-18 00:14:14]  "videoview.ftl"["zh_CN",UTF-8,parsed]  using cached since E:\Live03\live\live-web\src\main\webapp\WEB-INF\view\videoview.ftl didn't change.
19524783 DEBUG [2015-01-18 00:14:14]  "common/live_common_meta.ftl"["zh_CN",UTF-8,parsed]  using cached since E:\Live03\live\live-web\src\main\webapp\WEB-INF\view\common\live_common_meta.ftl didn't change.
19524799 DEBUG [2015-01-18 00:14:14]  "common/live_common_js.ftl"["zh_CN",UTF-8,parsed]  using cached since E:\Live03\live\live-web\src\main\webapp\WEB-INF\view\common\live_common_js.ftl didn't change.
19524799 DEBUG [2015-01-18 00:14:14]  "common/head.ftl"["zh_CN",UTF-8,parsed]  using cached since E:\Live03\live\live-web\src\main\webapp\WEB-INF\view\common\head.ftl didn't change.
19524801 DEBUG [2015-01-18 00:14:14]  "common/bottom.ftl"["zh_CN",UTF-8,parsed]  using cached since E:\Live03\live\live-web\src\main\webapp\WEB-INF\view\common\bottom.ftl didn't change.
19527619 DEBUG [2015-01-18 00:14:17]  "vcategory.ftl"["zh_CN",UTF-8,parsed]  using cached since E:\Live03\live\live-web\src\main\webapp\WEB-INF\view\vcategory.ftl didn't change.
19527621 DEBUG [2015-01-18 00:14:17]  "common/live_common_meta.ftl"["zh_CN",UTF-8,parsed]  using cached since E:\Live03\live\live-web\src\main\webapp\WEB-INF\view\common\live_common_meta.ftl didn't change.
19527621 DEBUG [2015-01-18 00:14:17]  "common/live_common_js.ftl"["zh_CN",UTF-8,parsed]  using cached since E:\Live03\live\live-web\src\main\webapp\WEB-INF\view\common\live_common_js.ftl didn't change.
19527621 DEBUG [2015-01-18 00:14:17]  "common/zfpage.ftl"["zh_CN",UTF-8,parsed]  using cached since E:\Live03\live\live-web\src\main\webapp\WEB-INF\view\common\zfpage.ftl didn't change.
19527621 DEBUG [2015-01-18 00:14:17]  "common/head.ftl"["zh_CN",UTF-8,parsed]  using cached since E:\Live03\live\live-web\src\main\webapp\WEB-INF\view\common\head.ftl didn't change.
19527624 DEBUG [2015-01-18 00:14:17]  "common/bottom.ftl"["zh_CN",UTF-8,parsed]  using cached since E:\Live03\live\live-web\src\main\webapp\WEB-INF\view\common\bottom.ftl didn't change.
19531202 DEBUG [2015-01-18 00:14:20]  "videoview.ftl"["zh_CN",UTF-8,parsed]  using cached since E:\Live03\live\live-web\src\main\webapp\WEB-INF\view\videoview.ftl didn't change.
19531202 DEBUG [2015-01-18 00:14:20]  "common/live_common_meta.ftl"["zh_CN",UTF-8,parsed]  using cached since E:\Live03\live\live-web\src\main\webapp\WEB-INF\view\common\live_common_meta.ftl didn't change.
19531202 DEBUG [2015-01-18 00:14:20]  "common/live_common_js.ftl"["zh_CN",UTF-8,parsed]  using cached since E:\Live03\live\live-web\src\main\webapp\WEB-INF\view\common\live_common_js.ftl didn't change.
19531202 DEBUG [2015-01-18 00:14:20]  "common/head.ftl"["zh_CN",UTF-8,parsed]  using cached since E:\Live03\live\live-web\src\main\webapp\WEB-INF\view\common\head.ftl didn't change.
19531205 DEBUG [2015-01-18 00:14:20]  "common/bottom.ftl"["zh_CN",UTF-8,parsed]  using cached since E:\Live03\live\live-web\src\main\webapp\WEB-INF\view\common\bottom.ftl didn't change.
19793298 DEBUG [2015-01-18 00:18:42]  "vcategory.ftl"["zh_CN",UTF-8,parsed]  using cached since E:\Live03\live\live-web\src\main\webapp\WEB-INF\view\vcategory.ftl didn't change.
19793303 DEBUG [2015-01-18 00:18:42]  "common/live_common_meta.ftl"["zh_CN",UTF-8,parsed]  using cached since E:\Live03\live\live-web\src\main\webapp\WEB-INF\view\common\live_common_meta.ftl didn't change.
19793305 DEBUG [2015-01-18 00:18:42]  "common/live_common_js.ftl"["zh_CN",UTF-8,parsed]  using cached since E:\Live03\live\live-web\src\main\webapp\WEB-INF\view\common\live_common_js.ftl didn't change.
19793306 DEBUG [2015-01-18 00:18:42]  "common/zfpage.ftl"["zh_CN",UTF-8,parsed]  using cached since E:\Live03\live\live-web\src\main\webapp\WEB-INF\view\common\zfpage.ftl didn't change.
19793308 DEBUG [2015-01-18 00:18:42]  "common/head.ftl"["zh_CN",UTF-8,parsed]  using cached since E:\Live03\live\live-web\src\main\webapp\WEB-INF\view\common\head.ftl didn't change.
19793310 DEBUG [2015-01-18 00:18:42]  "common/bottom.ftl"["zh_CN",UTF-8,parsed]  using cached since E:\Live03\live\live-web\src\main\webapp\WEB-INF\view\common\bottom.ftl didn't change.
19795390 DEBUG [2015-01-18 00:18:44]  "vcategory.ftl"["zh_CN",UTF-8,parsed]  using cached since E:\Live03\live\live-web\src\main\webapp\WEB-INF\view\vcategory.ftl didn't change.
19795391 DEBUG [2015-01-18 00:18:44]  "common/live_common_meta.ftl"["zh_CN",UTF-8,parsed]  using cached since E:\Live03\live\live-web\src\main\webapp\WEB-INF\view\common\live_common_meta.ftl didn't change.
19795392 DEBUG [2015-01-18 00:18:44]  "common/live_common_js.ftl"["zh_CN",UTF-8,parsed]  using cached since E:\Live03\live\live-web\src\main\webapp\WEB-INF\view\common\live_common_js.ftl didn't change.
19795393 DEBUG [2015-01-18 00:18:44]  "common/zfpage.ftl"["zh_CN",UTF-8,parsed]  using cached since E:\Live03\live\live-web\src\main\webapp\WEB-INF\view\common\zfpage.ftl didn't change.
19795394 DEBUG [2015-01-18 00:18:44]  "common/head.ftl"["zh_CN",UTF-8,parsed]  using cached since E:\Live03\live\live-web\src\main\webapp\WEB-INF\view\common\head.ftl didn't change.
19795396 DEBUG [2015-01-18 00:18:44]  "common/bottom.ftl"["zh_CN",UTF-8,parsed]  using cached since E:\Live03\live\live-web\src\main\webapp\WEB-INF\view\common\bottom.ftl didn't change.
19949610 DEBUG [2015-01-18 00:21:19]  "vcategory.ftl"["zh_CN",UTF-8,parsed]  using cached since E:\Live03\live\live-web\src\main\webapp\WEB-INF\view\vcategory.ftl didn't change.
19949612 DEBUG [2015-01-18 00:21:19]  "common/live_common_meta.ftl"["zh_CN",UTF-8,parsed]  using cached since E:\Live03\live\live-web\src\main\webapp\WEB-INF\view\common\live_common_meta.ftl didn't change.
19949613 DEBUG [2015-01-18 00:21:19]  "common/live_common_js.ftl"["zh_CN",UTF-8,parsed]  using cached since E:\Live03\live\live-web\src\main\webapp\WEB-INF\view\common\live_common_js.ftl didn't change.
19949619 DEBUG [2015-01-18 00:21:19]  "common/zfpage.ftl"["zh_CN",UTF-8,parsed]  using cached since E:\Live03\live\live-web\src\main\webapp\WEB-INF\view\common\zfpage.ftl didn't change.
19949626 DEBUG [2015-01-18 00:21:19]  "common/head.ftl"["zh_CN",UTF-8,parsed]  using cached since E:\Live03\live\live-web\src\main\webapp\WEB-INF\view\common\head.ftl didn't change.
19949640 DEBUG [2015-01-18 00:21:19]  "common/bottom.ftl"["zh_CN",UTF-8,parsed]  using cached since E:\Live03\live\live-web\src\main\webapp\WEB-INF\view\common\bottom.ftl didn't change.
19951104 DEBUG [2015-01-18 00:21:20]  "vcategory.ftl"["zh_CN",UTF-8,parsed]  using cached since E:\Live03\live\live-web\src\main\webapp\WEB-INF\view\vcategory.ftl didn't change.
19951108 DEBUG [2015-01-18 00:21:20]  "common/live_common_meta.ftl"["zh_CN",UTF-8,parsed]  using cached since E:\Live03\live\live-web\src\main\webapp\WEB-INF\view\common\live_common_meta.ftl didn't change.
19951110 DEBUG [2015-01-18 00:21:20]  "common/live_common_js.ftl"["zh_CN",UTF-8,parsed]  using cached since E:\Live03\live\live-web\src\main\webapp\WEB-INF\view\common\live_common_js.ftl didn't change.
19951111 DEBUG [2015-01-18 00:21:20]  "common/zfpage.ftl"["zh_CN",UTF-8,parsed]  using cached since E:\Live03\live\live-web\src\main\webapp\WEB-INF\view\common\zfpage.ftl didn't change.
19951112 DEBUG [2015-01-18 00:21:20]  "common/head.ftl"["zh_CN",UTF-8,parsed]  using cached since E:\Live03\live\live-web\src\main\webapp\WEB-INF\view\common\head.ftl didn't change.
19951115 DEBUG [2015-01-18 00:21:20]  "common/bottom.ftl"["zh_CN",UTF-8,parsed]  using cached since E:\Live03\live\live-web\src\main\webapp\WEB-INF\view\common\bottom.ftl didn't change.
19951812 DEBUG [2015-01-18 00:21:21]  "vcategory.ftl"["zh_CN",UTF-8,parsed]  using cached since E:\Live03\live\live-web\src\main\webapp\WEB-INF\view\vcategory.ftl didn't change.
19951812 DEBUG [2015-01-18 00:21:21]  "common/live_common_meta.ftl"["zh_CN",UTF-8,parsed]  using cached since E:\Live03\live\live-web\src\main\webapp\WEB-INF\view\common\live_common_meta.ftl didn't change.
19951812 DEBUG [2015-01-18 00:21:21]  "common/live_common_js.ftl"["zh_CN",UTF-8,parsed]  using cached since E:\Live03\live\live-web\src\main\webapp\WEB-INF\view\common\live_common_js.ftl didn't change.
19951812 DEBUG [2015-01-18 00:21:21]  "common/zfpage.ftl"["zh_CN",UTF-8,parsed]  using cached since E:\Live03\live\live-web\src\main\webapp\WEB-INF\view\common\zfpage.ftl didn't change.
19951812 DEBUG [2015-01-18 00:21:21]  "common/head.ftl"["zh_CN",UTF-8,parsed]  using cached since E:\Live03\live\live-web\src\main\webapp\WEB-INF\view\common\head.ftl didn't change.
19951812 DEBUG [2015-01-18 00:21:21]  "common/bottom.ftl"["zh_CN",UTF-8,parsed]  using cached since E:\Live03\live\live-web\src\main\webapp\WEB-INF\view\common\bottom.ftl didn't change.
19952318 DEBUG [2015-01-18 00:21:21]  "vcategory.ftl"["zh_CN",UTF-8,parsed]  using cached since E:\Live03\live\live-web\src\main\webapp\WEB-INF\view\vcategory.ftl didn't change.
19952318 DEBUG [2015-01-18 00:21:21]  "common/live_common_meta.ftl"["zh_CN",UTF-8,parsed]  using cached since E:\Live03\live\live-web\src\main\webapp\WEB-INF\view\common\live_common_meta.ftl didn't change.
19952318 DEBUG [2015-01-18 00:21:21]  "common/live_common_js.ftl"["zh_CN",UTF-8,parsed]  using cached since E:\Live03\live\live-web\src\main\webapp\WEB-INF\view\common\live_common_js.ftl didn't change.
19952318 DEBUG [2015-01-18 00:21:21]  "common/zfpage.ftl"["zh_CN",UTF-8,parsed]  using cached since E:\Live03\live\live-web\src\main\webapp\WEB-INF\view\common\zfpage.ftl didn't change.
19952318 DEBUG [2015-01-18 00:21:21]  "common/head.ftl"["zh_CN",UTF-8,parsed]  using cached since E:\Live03\live\live-web\src\main\webapp\WEB-INF\view\common\head.ftl didn't change.
19952333 DEBUG [2015-01-18 00:21:21]  "common/bottom.ftl"["zh_CN",UTF-8,parsed]  using cached since E:\Live03\live\live-web\src\main\webapp\WEB-INF\view\common\bottom.ftl didn't change.
19954233 DEBUG [2015-01-18 00:21:23]  Updating source, info for cause: lastModifiedNotChanged=false, cache lastModified=1421511045803 != file lastModified=1421511461047
19954234 DEBUG [2015-01-18 00:21:23]  Compiling FreeMarker template "videoview.ftl"["zh_CN",UTF-8,parsed]  from "E:\\Live03\\live\\live-web\\src\\main\\webapp\\WEB-INF\\view\\videoview.ftl"
19954261 DEBUG [2015-01-18 00:21:23]  "common/live_common_meta.ftl"["zh_CN",UTF-8,parsed]  using cached since E:\Live03\live\live-web\src\main\webapp\WEB-INF\view\common\live_common_meta.ftl didn't change.
19954262 DEBUG [2015-01-18 00:21:23]  "common/live_common_js.ftl"["zh_CN",UTF-8,parsed]  using cached since E:\Live03\live\live-web\src\main\webapp\WEB-INF\view\common\live_common_js.ftl didn't change.
19954263 DEBUG [2015-01-18 00:21:23]  "common/head.ftl"["zh_CN",UTF-8,parsed]  using cached since E:\Live03\live\live-web\src\main\webapp\WEB-INF\view\common\head.ftl didn't change.
19954265 DEBUG [2015-01-18 00:21:23]  "common/bottom.ftl"["zh_CN",UTF-8,parsed]  using cached since E:\Live03\live\live-web\src\main\webapp\WEB-INF\view\common\bottom.ftl didn't change.
20063416 DEBUG [2015-01-18 00:23:12]  "index.ftl"["zh_CN",UTF-8,parsed]  using cached since E:\Live03\live\live-web\src\main\webapp\WEB-INF\view\index.ftl didn't change.
20063418 DEBUG [2015-01-18 00:23:12]  "common/live_common_meta.ftl"["zh_CN",UTF-8,parsed]  using cached since E:\Live03\live\live-web\src\main\webapp\WEB-INF\view\common\live_common_meta.ftl didn't change.
20063419 DEBUG [2015-01-18 00:23:12]  "common/head.ftl"["zh_CN",UTF-8,parsed]  using cached since E:\Live03\live\live-web\src\main\webapp\WEB-INF\view\common\head.ftl didn't change.
20063424 DEBUG [2015-01-18 00:23:12]  "common/bottom.ftl"["zh_CN",UTF-8,parsed]  using cached since E:\Live03\live\live-web\src\main\webapp\WEB-INF\view\common\bottom.ftl didn't change.
20065648 DEBUG [2015-01-18 00:23:15]  "vcategory.ftl"["zh_CN",UTF-8,parsed]  using cached since E:\Live03\live\live-web\src\main\webapp\WEB-INF\view\vcategory.ftl didn't change.
20065649 DEBUG [2015-01-18 00:23:15]  "common/live_common_meta.ftl"["zh_CN",UTF-8,parsed]  using cached since E:\Live03\live\live-web\src\main\webapp\WEB-INF\view\common\live_common_meta.ftl didn't change.
20065649 DEBUG [2015-01-18 00:23:15]  "common/live_common_js.ftl"["zh_CN",UTF-8,parsed]  using cached since E:\Live03\live\live-web\src\main\webapp\WEB-INF\view\common\live_common_js.ftl didn't change.
20065650 DEBUG [2015-01-18 00:23:15]  "common/zfpage.ftl"["zh_CN",UTF-8,parsed]  using cached since E:\Live03\live\live-web\src\main\webapp\WEB-INF\view\common\zfpage.ftl didn't change.
20065651 DEBUG [2015-01-18 00:23:15]  "common/head.ftl"["zh_CN",UTF-8,parsed]  using cached since E:\Live03\live\live-web\src\main\webapp\WEB-INF\view\common\head.ftl didn't change.
20065653 DEBUG [2015-01-18 00:23:15]  "common/bottom.ftl"["zh_CN",UTF-8,parsed]  using cached since E:\Live03\live\live-web\src\main\webapp\WEB-INF\view\common\bottom.ftl didn't change.
20067256 DEBUG [2015-01-18 00:23:16]  "vcategory.ftl"["zh_CN",UTF-8,parsed]  using cached since E:\Live03\live\live-web\src\main\webapp\WEB-INF\view\vcategory.ftl didn't change.
20067257 DEBUG [2015-01-18 00:23:16]  "common/live_common_meta.ftl"["zh_CN",UTF-8,parsed]  using cached since E:\Live03\live\live-web\src\main\webapp\WEB-INF\view\common\live_common_meta.ftl didn't change.
20067258 DEBUG [2015-01-18 00:23:16]  "common/live_common_js.ftl"["zh_CN",UTF-8,parsed]  using cached since E:\Live03\live\live-web\src\main\webapp\WEB-INF\view\common\live_common_js.ftl didn't change.
20067259 DEBUG [2015-01-18 00:23:16]  "common/zfpage.ftl"["zh_CN",UTF-8,parsed]  using cached since E:\Live03\live\live-web\src\main\webapp\WEB-INF\view\common\zfpage.ftl didn't change.
20067260 DEBUG [2015-01-18 00:23:16]  "common/head.ftl"["zh_CN",UTF-8,parsed]  using cached since E:\Live03\live\live-web\src\main\webapp\WEB-INF\view\common\head.ftl didn't change.
20067262 DEBUG [2015-01-18 00:23:16]  "common/bottom.ftl"["zh_CN",UTF-8,parsed]  using cached since E:\Live03\live\live-web\src\main\webapp\WEB-INF\view\common\bottom.ftl didn't change.
20068326 DEBUG [2015-01-18 00:23:17]  "vcategory.ftl"["zh_CN",UTF-8,parsed]  using cached since E:\Live03\live\live-web\src\main\webapp\WEB-INF\view\vcategory.ftl didn't change.
20068327 DEBUG [2015-01-18 00:23:17]  "common/live_common_meta.ftl"["zh_CN",UTF-8,parsed]  using cached since E:\Live03\live\live-web\src\main\webapp\WEB-INF\view\common\live_common_meta.ftl didn't change.
20068328 DEBUG [2015-01-18 00:23:17]  "common/live_common_js.ftl"["zh_CN",UTF-8,parsed]  using cached since E:\Live03\live\live-web\src\main\webapp\WEB-INF\view\common\live_common_js.ftl didn't change.
20068330 DEBUG [2015-01-18 00:23:17]  "common/zfpage.ftl"["zh_CN",UTF-8,parsed]  using cached since E:\Live03\live\live-web\src\main\webapp\WEB-INF\view\common\zfpage.ftl didn't change.
20068331 DEBUG [2015-01-18 00:23:17]  "common/head.ftl"["zh_CN",UTF-8,parsed]  using cached since E:\Live03\live\live-web\src\main\webapp\WEB-INF\view\common\head.ftl didn't change.
20068333 DEBUG [2015-01-18 00:23:17]  "common/bottom.ftl"["zh_CN",UTF-8,parsed]  using cached since E:\Live03\live\live-web\src\main\webapp\WEB-INF\view\common\bottom.ftl didn't change.
20069067 DEBUG [2015-01-18 00:23:18]  "vcategory.ftl"["zh_CN",UTF-8,parsed]  using cached since E:\Live03\live\live-web\src\main\webapp\WEB-INF\view\vcategory.ftl didn't change.
20069068 DEBUG [2015-01-18 00:23:18]  "common/live_common_meta.ftl"["zh_CN",UTF-8,parsed]  using cached since E:\Live03\live\live-web\src\main\webapp\WEB-INF\view\common\live_common_meta.ftl didn't change.
20069069 DEBUG [2015-01-18 00:23:18]  "common/live_common_js.ftl"["zh_CN",UTF-8,parsed]  using cached since E:\Live03\live\live-web\src\main\webapp\WEB-INF\view\common\live_common_js.ftl didn't change.
20069070 DEBUG [2015-01-18 00:23:18]  "common/zfpage.ftl"["zh_CN",UTF-8,parsed]  using cached since E:\Live03\live\live-web\src\main\webapp\WEB-INF\view\common\zfpage.ftl didn't change.
20069071 DEBUG [2015-01-18 00:23:18]  "common/head.ftl"["zh_CN",UTF-8,parsed]  using cached since E:\Live03\live\live-web\src\main\webapp\WEB-INF\view\common\head.ftl didn't change.
20069074 DEBUG [2015-01-18 00:23:18]  "common/bottom.ftl"["zh_CN",UTF-8,parsed]  using cached since E:\Live03\live\live-web\src\main\webapp\WEB-INF\view\common\bottom.ftl didn't change.
20070948 DEBUG [2015-01-18 00:23:20]  "videoview.ftl"["zh_CN",UTF-8,parsed]  using cached since E:\Live03\live\live-web\src\main\webapp\WEB-INF\view\videoview.ftl didn't change.
20070949 DEBUG [2015-01-18 00:23:20]  "common/live_common_meta.ftl"["zh_CN",UTF-8,parsed]  using cached since E:\Live03\live\live-web\src\main\webapp\WEB-INF\view\common\live_common_meta.ftl didn't change.
20070951 DEBUG [2015-01-18 00:23:20]  "common/live_common_js.ftl"["zh_CN",UTF-8,parsed]  using cached since E:\Live03\live\live-web\src\main\webapp\WEB-INF\view\common\live_common_js.ftl didn't change.
20070952 DEBUG [2015-01-18 00:23:20]  "common/head.ftl"["zh_CN",UTF-8,parsed]  using cached since E:\Live03\live\live-web\src\main\webapp\WEB-INF\view\common\head.ftl didn't change.
20070954 DEBUG [2015-01-18 00:23:20]  "common/bottom.ftl"["zh_CN",UTF-8,parsed]  using cached since E:\Live03\live\live-web\src\main\webapp\WEB-INF\view\common\bottom.ftl didn't change.
20097087 DEBUG [2015-01-18 00:23:46]  "index.ftl"["zh_CN",UTF-8,parsed]  using cached since E:\Live03\live\live-web\src\main\webapp\WEB-INF\view\index.ftl didn't change.
20097088 DEBUG [2015-01-18 00:23:46]  "common/live_common_meta.ftl"["zh_CN",UTF-8,parsed]  using cached since E:\Live03\live\live-web\src\main\webapp\WEB-INF\view\common\live_common_meta.ftl didn't change.
20097089 DEBUG [2015-01-18 00:23:46]  "common/head.ftl"["zh_CN",UTF-8,parsed]  using cached since E:\Live03\live\live-web\src\main\webapp\WEB-INF\view\common\head.ftl didn't change.
20097096 DEBUG [2015-01-18 00:23:46]  "common/bottom.ftl"["zh_CN",UTF-8,parsed]  using cached since E:\Live03\live\live-web\src\main\webapp\WEB-INF\view\common\bottom.ftl didn't change.
20108794 DEBUG [2015-01-18 00:23:58]  "index.ftl"["zh_CN",UTF-8,parsed]  using cached since E:\Live03\live\live-web\src\main\webapp\WEB-INF\view\index.ftl didn't change.
20108795 DEBUG [2015-01-18 00:23:58]  "common/live_common_meta.ftl"["zh_CN",UTF-8,parsed]  using cached since E:\Live03\live\live-web\src\main\webapp\WEB-INF\view\common\live_common_meta.ftl didn't change.
20108795 DEBUG [2015-01-18 00:23:58]  "common/head.ftl"["zh_CN",UTF-8,parsed]  using cached since E:\Live03\live\live-web\src\main\webapp\WEB-INF\view\common\head.ftl didn't change.
20108801 DEBUG [2015-01-18 00:23:58]  "common/bottom.ftl"["zh_CN",UTF-8,parsed]  using cached since E:\Live03\live\live-web\src\main\webapp\WEB-INF\view\common\bottom.ftl didn't change.
20202679 DEBUG [2015-01-18 00:25:32]  "index.ftl"["zh_CN",UTF-8,parsed]  using cached since E:\Live03\live\live-web\src\main\webapp\WEB-INF\view\index.ftl didn't change.
20202682 DEBUG [2015-01-18 00:25:32]  "common/live_common_meta.ftl"["zh_CN",UTF-8,parsed]  using cached since E:\Live03\live\live-web\src\main\webapp\WEB-INF\view\common\live_common_meta.ftl didn't change.
20202683 DEBUG [2015-01-18 00:25:32]  "common/head.ftl"["zh_CN",UTF-8,parsed]  using cached since E:\Live03\live\live-web\src\main\webapp\WEB-INF\view\common\head.ftl didn't change.
20202725 DEBUG [2015-01-18 00:25:32]  "common/bottom.ftl"["zh_CN",UTF-8,parsed]  using cached since E:\Live03\live\live-web\src\main\webapp\WEB-INF\view\common\bottom.ftl didn't change.
20205314 DEBUG [2015-01-18 00:25:34]  "index.ftl"["zh_CN",UTF-8,parsed]  using cached since E:\Live03\live\live-web\src\main\webapp\WEB-INF\view\index.ftl didn't change.
20205315 DEBUG [2015-01-18 00:25:34]  "common/live_common_meta.ftl"["zh_CN",UTF-8,parsed]  using cached since E:\Live03\live\live-web\src\main\webapp\WEB-INF\view\common\live_common_meta.ftl didn't change.
20205316 DEBUG [2015-01-18 00:25:34]  "common/head.ftl"["zh_CN",UTF-8,parsed]  using cached since E:\Live03\live\live-web\src\main\webapp\WEB-INF\view\common\head.ftl didn't change.
20205373 DEBUG [2015-01-18 00:25:34]  "common/bottom.ftl"["zh_CN",UTF-8,parsed]  using cached since E:\Live03\live\live-web\src\main\webapp\WEB-INF\view\common\bottom.ftl didn't change.
20206729 DEBUG [2015-01-18 00:25:36]  "index.ftl"["zh_CN",UTF-8,parsed]  using cached since E:\Live03\live\live-web\src\main\webapp\WEB-INF\view\index.ftl didn't change.
20206730 DEBUG [2015-01-18 00:25:36]  "common/live_common_meta.ftl"["zh_CN",UTF-8,parsed]  using cached since E:\Live03\live\live-web\src\main\webapp\WEB-INF\view\common\live_common_meta.ftl didn't change.
20206731 DEBUG [2015-01-18 00:25:36]  "common/head.ftl"["zh_CN",UTF-8,parsed]  using cached since E:\Live03\live\live-web\src\main\webapp\WEB-INF\view\common\head.ftl didn't change.
20206738 DEBUG [2015-01-18 00:25:36]  "common/bottom.ftl"["zh_CN",UTF-8,parsed]  using cached since E:\Live03\live\live-web\src\main\webapp\WEB-INF\view\common\bottom.ftl didn't change.
20209226 DEBUG [2015-01-18 00:25:38]  "vcategory.ftl"["zh_CN",UTF-8,parsed]  using cached since E:\Live03\live\live-web\src\main\webapp\WEB-INF\view\vcategory.ftl didn't change.
20209226 DEBUG [2015-01-18 00:25:38]  "common/live_common_meta.ftl"["zh_CN",UTF-8,parsed]  using cached since E:\Live03\live\live-web\src\main\webapp\WEB-INF\view\common\live_common_meta.ftl didn't change.
20209227 DEBUG [2015-01-18 00:25:38]  "common/live_common_js.ftl"["zh_CN",UTF-8,parsed]  using cached since E:\Live03\live\live-web\src\main\webapp\WEB-INF\view\common\live_common_js.ftl didn't change.
20209228 DEBUG [2015-01-18 00:25:38]  "common/zfpage.ftl"["zh_CN",UTF-8,parsed]  using cached since E:\Live03\live\live-web\src\main\webapp\WEB-INF\view\common\zfpage.ftl didn't change.
20209229 DEBUG [2015-01-18 00:25:38]  "common/head.ftl"["zh_CN",UTF-8,parsed]  using cached since E:\Live03\live\live-web\src\main\webapp\WEB-INF\view\common\head.ftl didn't change.
20209230 DEBUG [2015-01-18 00:25:38]  "common/bottom.ftl"["zh_CN",UTF-8,parsed]  using cached since E:\Live03\live\live-web\src\main\webapp\WEB-INF\view\common\bottom.ftl didn't change.
20210480 DEBUG [2015-01-18 00:25:39]  "vcategory.ftl"["zh_CN",UTF-8,parsed]  using cached since E:\Live03\live\live-web\src\main\webapp\WEB-INF\view\vcategory.ftl didn't change.
20210481 DEBUG [2015-01-18 00:25:39]  "common/live_common_meta.ftl"["zh_CN",UTF-8,parsed]  using cached since E:\Live03\live\live-web\src\main\webapp\WEB-INF\view\common\live_common_meta.ftl didn't change.
20210482 DEBUG [2015-01-18 00:25:39]  "common/live_common_js.ftl"["zh_CN",UTF-8,parsed]  using cached since E:\Live03\live\live-web\src\main\webapp\WEB-INF\view\common\live_common_js.ftl didn't change.
20210482 DEBUG [2015-01-18 00:25:39]  "common/zfpage.ftl"["zh_CN",UTF-8,parsed]  using cached since E:\Live03\live\live-web\src\main\webapp\WEB-INF\view\common\zfpage.ftl didn't change.
20210483 DEBUG [2015-01-18 00:25:39]  "common/head.ftl"["zh_CN",UTF-8,parsed]  using cached since E:\Live03\live\live-web\src\main\webapp\WEB-INF\view\common\head.ftl didn't change.
20210484 DEBUG [2015-01-18 00:25:39]  "common/bottom.ftl"["zh_CN",UTF-8,parsed]  using cached since E:\Live03\live\live-web\src\main\webapp\WEB-INF\view\common\bottom.ftl didn't change.
20211968 DEBUG [2015-01-18 00:25:41]  "vcategory.ftl"["zh_CN",UTF-8,parsed]  using cached since E:\Live03\live\live-web\src\main\webapp\WEB-INF\view\vcategory.ftl didn't change.
20211977 DEBUG [2015-01-18 00:25:41]  "common/live_common_meta.ftl"["zh_CN",UTF-8,parsed]  using cached since E:\Live03\live\live-web\src\main\webapp\WEB-INF\view\common\live_common_meta.ftl didn't change.
20211979 DEBUG [2015-01-18 00:25:41]  "common/live_common_js.ftl"["zh_CN",UTF-8,parsed]  using cached since E:\Live03\live\live-web\src\main\webapp\WEB-INF\view\common\live_common_js.ftl didn't change.
20211987 DEBUG [2015-01-18 00:25:41]  "common/zfpage.ftl"["zh_CN",UTF-8,parsed]  using cached since E:\Live03\live\live-web\src\main\webapp\WEB-INF\view\common\zfpage.ftl didn't change.
20211988 DEBUG [2015-01-18 00:25:41]  "common/head.ftl"["zh_CN",UTF-8,parsed]  using cached since E:\Live03\live\live-web\src\main\webapp\WEB-INF\view\common\head.ftl didn't change.
20211990 DEBUG [2015-01-18 00:25:41]  "common/bottom.ftl"["zh_CN",UTF-8,parsed]  using cached since E:\Live03\live\live-web\src\main\webapp\WEB-INF\view\common\bottom.ftl didn't change.
20213032 DEBUG [2015-01-18 00:25:42]  "vcategory.ftl"["zh_CN",UTF-8,parsed]  using cached since E:\Live03\live\live-web\src\main\webapp\WEB-INF\view\vcategory.ftl didn't change.
20213036 DEBUG [2015-01-18 00:25:42]  "common/live_common_meta.ftl"["zh_CN",UTF-8,parsed]  using cached since E:\Live03\live\live-web\src\main\webapp\WEB-INF\view\common\live_common_meta.ftl didn't change.
20213036 DEBUG [2015-01-18 00:25:42]  "common/live_common_js.ftl"["zh_CN",UTF-8,parsed]  using cached since E:\Live03\live\live-web\src\main\webapp\WEB-INF\view\common\live_common_js.ftl didn't change.
20213037 DEBUG [2015-01-18 00:25:42]  "common/zfpage.ftl"["zh_CN",UTF-8,parsed]  using cached since E:\Live03\live\live-web\src\main\webapp\WEB-INF\view\common\zfpage.ftl didn't change.
20213039 DEBUG [2015-01-18 00:25:42]  "common/head.ftl"["zh_CN",UTF-8,parsed]  using cached since E:\Live03\live\live-web\src\main\webapp\WEB-INF\view\common\head.ftl didn't change.
20213044 DEBUG [2015-01-18 00:25:42]  "common/bottom.ftl"["zh_CN",UTF-8,parsed]  using cached since E:\Live03\live\live-web\src\main\webapp\WEB-INF\view\common\bottom.ftl didn't change.
20214594 DEBUG [2015-01-18 00:25:44]  "videoview.ftl"["zh_CN",UTF-8,parsed]  using cached since E:\Live03\live\live-web\src\main\webapp\WEB-INF\view\videoview.ftl didn't change.
20214594 DEBUG [2015-01-18 00:25:44]  "common/live_common_meta.ftl"["zh_CN",UTF-8,parsed]  using cached since E:\Live03\live\live-web\src\main\webapp\WEB-INF\view\common\live_common_meta.ftl didn't change.
20214594 DEBUG [2015-01-18 00:25:44]  "common/live_common_js.ftl"["zh_CN",UTF-8,parsed]  using cached since E:\Live03\live\live-web\src\main\webapp\WEB-INF\view\common\live_common_js.ftl didn't change.
20214594 DEBUG [2015-01-18 00:25:44]  "common/head.ftl"["zh_CN",UTF-8,parsed]  using cached since E:\Live03\live\live-web\src\main\webapp\WEB-INF\view\common\head.ftl didn't change.
20214594 DEBUG [2015-01-18 00:25:44]  "common/bottom.ftl"["zh_CN",UTF-8,parsed]  using cached since E:\Live03\live\live-web\src\main\webapp\WEB-INF\view\common\bottom.ftl didn't change.
20431089 DEBUG [2015-01-18 00:29:20]  "vcategory.ftl"["zh_CN",UTF-8,parsed]  using cached since E:\Live03\live\live-web\src\main\webapp\WEB-INF\view\vcategory.ftl didn't change.
20431090 DEBUG [2015-01-18 00:29:20]  "common/live_common_meta.ftl"["zh_CN",UTF-8,parsed]  using cached since E:\Live03\live\live-web\src\main\webapp\WEB-INF\view\common\live_common_meta.ftl didn't change.
20431091 DEBUG [2015-01-18 00:29:20]  "common/live_common_js.ftl"["zh_CN",UTF-8,parsed]  using cached since E:\Live03\live\live-web\src\main\webapp\WEB-INF\view\common\live_common_js.ftl didn't change.
20431092 DEBUG [2015-01-18 00:29:20]  "common/zfpage.ftl"["zh_CN",UTF-8,parsed]  using cached since E:\Live03\live\live-web\src\main\webapp\WEB-INF\view\common\zfpage.ftl didn't change.
20431092 DEBUG [2015-01-18 00:29:20]  "common/head.ftl"["zh_CN",UTF-8,parsed]  using cached since E:\Live03\live\live-web\src\main\webapp\WEB-INF\view\common\head.ftl didn't change.
20431095 DEBUG [2015-01-18 00:29:20]  "common/bottom.ftl"["zh_CN",UTF-8,parsed]  using cached since E:\Live03\live\live-web\src\main\webapp\WEB-INF\view\common\bottom.ftl didn't change.
20433496 DEBUG [2015-01-18 00:29:22]  "vcategory.ftl"["zh_CN",UTF-8,parsed]  using cached since E:\Live03\live\live-web\src\main\webapp\WEB-INF\view\vcategory.ftl didn't change.
20433497 DEBUG [2015-01-18 00:29:22]  "common/live_common_meta.ftl"["zh_CN",UTF-8,parsed]  using cached since E:\Live03\live\live-web\src\main\webapp\WEB-INF\view\common\live_common_meta.ftl didn't change.
20433497 DEBUG [2015-01-18 00:29:22]  "common/live_common_js.ftl"["zh_CN",UTF-8,parsed]  using cached since E:\Live03\live\live-web\src\main\webapp\WEB-INF\view\common\live_common_js.ftl didn't change.
20433498 DEBUG [2015-01-18 00:29:22]  "common/zfpage.ftl"["zh_CN",UTF-8,parsed]  using cached since E:\Live03\live\live-web\src\main\webapp\WEB-INF\view\common\zfpage.ftl didn't change.
20433499 DEBUG [2015-01-18 00:29:22]  "common/head.ftl"["zh_CN",UTF-8,parsed]  using cached since E:\Live03\live\live-web\src\main\webapp\WEB-INF\view\common\head.ftl didn't change.
20433500 DEBUG [2015-01-18 00:29:22]  "common/bottom.ftl"["zh_CN",UTF-8,parsed]  using cached since E:\Live03\live\live-web\src\main\webapp\WEB-INF\view\common\bottom.ftl didn't change.
20540274 DEBUG [2015-01-18 00:31:09]  "vcategory.ftl"["zh_CN",UTF-8,parsed]  using cached since E:\Live03\live\live-web\src\main\webapp\WEB-INF\view\vcategory.ftl didn't change.
20540275 DEBUG [2015-01-18 00:31:09]  "common/live_common_meta.ftl"["zh_CN",UTF-8,parsed]  using cached since E:\Live03\live\live-web\src\main\webapp\WEB-INF\view\common\live_common_meta.ftl didn't change.
20540276 DEBUG [2015-01-18 00:31:09]  "common/live_common_js.ftl"["zh_CN",UTF-8,parsed]  using cached since E:\Live03\live\live-web\src\main\webapp\WEB-INF\view\common\live_common_js.ftl didn't change.
20540277 DEBUG [2015-01-18 00:31:09]  "common/zfpage.ftl"["zh_CN",UTF-8,parsed]  using cached since E:\Live03\live\live-web\src\main\webapp\WEB-INF\view\common\zfpage.ftl didn't change.
20540278 DEBUG [2015-01-18 00:31:09]  "common/head.ftl"["zh_CN",UTF-8,parsed]  using cached since E:\Live03\live\live-web\src\main\webapp\WEB-INF\view\common\head.ftl didn't change.
20540279 DEBUG [2015-01-18 00:31:09]  "common/bottom.ftl"["zh_CN",UTF-8,parsed]  using cached since E:\Live03\live\live-web\src\main\webapp\WEB-INF\view\common\bottom.ftl didn't change.
20546441 DEBUG [2015-01-18 00:31:15]  "vcategory.ftl"["zh_CN",UTF-8,parsed]  using cached since E:\Live03\live\live-web\src\main\webapp\WEB-INF\view\vcategory.ftl didn't change.
20546442 DEBUG [2015-01-18 00:31:15]  "common/live_common_meta.ftl"["zh_CN",UTF-8,parsed]  using cached since E:\Live03\live\live-web\src\main\webapp\WEB-INF\view\common\live_common_meta.ftl didn't change.
20546442 DEBUG [2015-01-18 00:31:15]  "common/live_common_js.ftl"["zh_CN",UTF-8,parsed]  using cached since E:\Live03\live\live-web\src\main\webapp\WEB-INF\view\common\live_common_js.ftl didn't change.
20546443 DEBUG [2015-01-18 00:31:15]  "common/zfpage.ftl"["zh_CN",UTF-8,parsed]  using cached since E:\Live03\live\live-web\src\main\webapp\WEB-INF\view\common\zfpage.ftl didn't change.
20546444 DEBUG [2015-01-18 00:31:15]  "common/head.ftl"["zh_CN",UTF-8,parsed]  using cached since E:\Live03\live\live-web\src\main\webapp\WEB-INF\view\common\head.ftl didn't change.
20546446 DEBUG [2015-01-18 00:31:15]  "common/bottom.ftl"["zh_CN",UTF-8,parsed]  using cached since E:\Live03\live\live-web\src\main\webapp\WEB-INF\view\common\bottom.ftl didn't change.
20547384 DEBUG [2015-01-18 00:31:16]  "vcategory.ftl"["zh_CN",UTF-8,parsed]  using cached since E:\Live03\live\live-web\src\main\webapp\WEB-INF\view\vcategory.ftl didn't change.
20547399 DEBUG [2015-01-18 00:31:16]  "common/live_common_meta.ftl"["zh_CN",UTF-8,parsed]  using cached since E:\Live03\live\live-web\src\main\webapp\WEB-INF\view\common\live_common_meta.ftl didn't change.
20547399 DEBUG [2015-01-18 00:31:16]  "common/live_common_js.ftl"["zh_CN",UTF-8,parsed]  using cached since E:\Live03\live\live-web\src\main\webapp\WEB-INF\view\common\live_common_js.ftl didn't change.
20547399 DEBUG [2015-01-18 00:31:16]  "common/zfpage.ftl"["zh_CN",UTF-8,parsed]  using cached since E:\Live03\live\live-web\src\main\webapp\WEB-INF\view\common\zfpage.ftl didn't change.
20547399 DEBUG [2015-01-18 00:31:16]  "common/head.ftl"["zh_CN",UTF-8,parsed]  using cached since E:\Live03\live\live-web\src\main\webapp\WEB-INF\view\common\head.ftl didn't change.
20547399 DEBUG [2015-01-18 00:31:16]  "common/bottom.ftl"["zh_CN",UTF-8,parsed]  using cached since E:\Live03\live\live-web\src\main\webapp\WEB-INF\view\common\bottom.ftl didn't change.
20548294 DEBUG [2015-01-18 00:31:17]  "vcategory.ftl"["zh_CN",UTF-8,parsed]  using cached since E:\Live03\live\live-web\src\main\webapp\WEB-INF\view\vcategory.ftl didn't change.
20548295 DEBUG [2015-01-18 00:31:17]  "common/live_common_meta.ftl"["zh_CN",UTF-8,parsed]  using cached since E:\Live03\live\live-web\src\main\webapp\WEB-INF\view\common\live_common_meta.ftl didn't change.
20548296 DEBUG [2015-01-18 00:31:17]  "common/live_common_js.ftl"["zh_CN",UTF-8,parsed]  using cached since E:\Live03\live\live-web\src\main\webapp\WEB-INF\view\common\live_common_js.ftl didn't change.
20548298 DEBUG [2015-01-18 00:31:17]  "common/zfpage.ftl"["zh_CN",UTF-8,parsed]  using cached since E:\Live03\live\live-web\src\main\webapp\WEB-INF\view\common\zfpage.ftl didn't change.
20548299 DEBUG [2015-01-18 00:31:17]  "common/head.ftl"["zh_CN",UTF-8,parsed]  using cached since E:\Live03\live\live-web\src\main\webapp\WEB-INF\view\common\head.ftl didn't change.
20548301 DEBUG [2015-01-18 00:31:17]  "common/bottom.ftl"["zh_CN",UTF-8,parsed]  using cached since E:\Live03\live\live-web\src\main\webapp\WEB-INF\view\common\bottom.ftl didn't change.
20550730 DEBUG [2015-01-18 00:31:20]  "vcategory.ftl"["zh_CN",UTF-8,parsed]  using cached since E:\Live03\live\live-web\src\main\webapp\WEB-INF\view\vcategory.ftl didn't change.
20550731 DEBUG [2015-01-18 00:31:20]  "common/live_common_meta.ftl"["zh_CN",UTF-8,parsed]  using cached since E:\Live03\live\live-web\src\main\webapp\WEB-INF\view\common\live_common_meta.ftl didn't change.
20550732 DEBUG [2015-01-18 00:31:20]  "common/live_common_js.ftl"["zh_CN",UTF-8,parsed]  using cached since E:\Live03\live\live-web\src\main\webapp\WEB-INF\view\common\live_common_js.ftl didn't change.
20550733 DEBUG [2015-01-18 00:31:20]  "common/zfpage.ftl"["zh_CN",UTF-8,parsed]  using cached since E:\Live03\live\live-web\src\main\webapp\WEB-INF\view\common\zfpage.ftl didn't change.
20550734 DEBUG [2015-01-18 00:31:20]  "common/head.ftl"["zh_CN",UTF-8,parsed]  using cached since E:\Live03\live\live-web\src\main\webapp\WEB-INF\view\common\head.ftl didn't change.
20550736 DEBUG [2015-01-18 00:31:20]  "common/bottom.ftl"["zh_CN",UTF-8,parsed]  using cached since E:\Live03\live\live-web\src\main\webapp\WEB-INF\view\common\bottom.ftl didn't change.
20552123 DEBUG [2015-01-18 00:31:21]  "vcategory.ftl"["zh_CN",UTF-8,parsed]  using cached since E:\Live03\live\live-web\src\main\webapp\WEB-INF\view\vcategory.ftl didn't change.
20552124 DEBUG [2015-01-18 00:31:21]  "common/live_common_meta.ftl"["zh_CN",UTF-8,parsed]  using cached since E:\Live03\live\live-web\src\main\webapp\WEB-INF\view\common\live_common_meta.ftl didn't change.
20552125 DEBUG [2015-01-18 00:31:21]  "common/live_common_js.ftl"["zh_CN",UTF-8,parsed]  using cached since E:\Live03\live\live-web\src\main\webapp\WEB-INF\view\common\live_common_js.ftl didn't change.
20552126 DEBUG [2015-01-18 00:31:21]  "common/zfpage.ftl"["zh_CN",UTF-8,parsed]  using cached since E:\Live03\live\live-web\src\main\webapp\WEB-INF\view\common\zfpage.ftl didn't change.
20552127 DEBUG [2015-01-18 00:31:21]  "common/head.ftl"["zh_CN",UTF-8,parsed]  using cached since E:\Live03\live\live-web\src\main\webapp\WEB-INF\view\common\head.ftl didn't change.
20552129 DEBUG [2015-01-18 00:31:21]  "common/bottom.ftl"["zh_CN",UTF-8,parsed]  using cached since E:\Live03\live\live-web\src\main\webapp\WEB-INF\view\common\bottom.ftl didn't change.
20552882 DEBUG [2015-01-18 00:31:22]  "vcategory.ftl"["zh_CN",UTF-8,parsed]  using cached since E:\Live03\live\live-web\src\main\webapp\WEB-INF\view\vcategory.ftl didn't change.
20552883 DEBUG [2015-01-18 00:31:22]  "common/live_common_meta.ftl"["zh_CN",UTF-8,parsed]  using cached since E:\Live03\live\live-web\src\main\webapp\WEB-INF\view\common\live_common_meta.ftl didn't change.
20552884 DEBUG [2015-01-18 00:31:22]  "common/live_common_js.ftl"["zh_CN",UTF-8,parsed]  using cached since E:\Live03\live\live-web\src\main\webapp\WEB-INF\view\common\live_common_js.ftl didn't change.
20552884 DEBUG [2015-01-18 00:31:22]  "common/zfpage.ftl"["zh_CN",UTF-8,parsed]  using cached since E:\Live03\live\live-web\src\main\webapp\WEB-INF\view\common\zfpage.ftl didn't change.
20552885 DEBUG [2015-01-18 00:31:22]  "common/head.ftl"["zh_CN",UTF-8,parsed]  using cached since E:\Live03\live\live-web\src\main\webapp\WEB-INF\view\common\head.ftl didn't change.
20552887 DEBUG [2015-01-18 00:31:22]  "common/bottom.ftl"["zh_CN",UTF-8,parsed]  using cached since E:\Live03\live\live-web\src\main\webapp\WEB-INF\view\common\bottom.ftl didn't change.
20553599 DEBUG [2015-01-18 00:31:23]  "vcategory.ftl"["zh_CN",UTF-8,parsed]  using cached since E:\Live03\live\live-web\src\main\webapp\WEB-INF\view\vcategory.ftl didn't change.
20553600 DEBUG [2015-01-18 00:31:23]  "common/live_common_meta.ftl"["zh_CN",UTF-8,parsed]  using cached since E:\Live03\live\live-web\src\main\webapp\WEB-INF\view\common\live_common_meta.ftl didn't change.
20553603 DEBUG [2015-01-18 00:31:23]  "common/live_common_js.ftl"["zh_CN",UTF-8,parsed]  using cached since E:\Live03\live\live-web\src\main\webapp\WEB-INF\view\common\live_common_js.ftl didn't change.
20553606 DEBUG [2015-01-18 00:31:23]  "common/zfpage.ftl"["zh_CN",UTF-8,parsed]  using cached since E:\Live03\live\live-web\src\main\webapp\WEB-INF\view\common\zfpage.ftl didn't change.
20553608 DEBUG [2015-01-18 00:31:23]  "common/head.ftl"["zh_CN",UTF-8,parsed]  using cached since E:\Live03\live\live-web\src\main\webapp\WEB-INF\view\common\head.ftl didn't change.
20553610 DEBUG [2015-01-18 00:31:23]  "common/bottom.ftl"["zh_CN",UTF-8,parsed]  using cached since E:\Live03\live\live-web\src\main\webapp\WEB-INF\view\common\bottom.ftl didn't change.
20555092 DEBUG [2015-01-18 00:31:24]  "vcategory.ftl"["zh_CN",UTF-8,parsed]  using cached since E:\Live03\live\live-web\src\main\webapp\WEB-INF\view\vcategory.ftl didn't change.
20555093 DEBUG [2015-01-18 00:31:24]  "common/live_common_meta.ftl"["zh_CN",UTF-8,parsed]  using cached since E:\Live03\live\live-web\src\main\webapp\WEB-INF\view\common\live_common_meta.ftl didn't change.
20555094 DEBUG [2015-01-18 00:31:24]  "common/live_common_js.ftl"["zh_CN",UTF-8,parsed]  using cached since E:\Live03\live\live-web\src\main\webapp\WEB-INF\view\common\live_common_js.ftl didn't change.
20555094 DEBUG [2015-01-18 00:31:24]  "common/zfpage.ftl"["zh_CN",UTF-8,parsed]  using cached since E:\Live03\live\live-web\src\main\webapp\WEB-INF\view\common\zfpage.ftl didn't change.
20555095 DEBUG [2015-01-18 00:31:24]  "common/head.ftl"["zh_CN",UTF-8,parsed]  using cached since E:\Live03\live\live-web\src\main\webapp\WEB-INF\view\common\head.ftl didn't change.
20555098 DEBUG [2015-01-18 00:31:24]  "common/bottom.ftl"["zh_CN",UTF-8,parsed]  using cached since E:\Live03\live\live-web\src\main\webapp\WEB-INF\view\common\bottom.ftl didn't change.
20556163 DEBUG [2015-01-18 00:31:25]  "vcategory.ftl"["zh_CN",UTF-8,parsed]  using cached since E:\Live03\live\live-web\src\main\webapp\WEB-INF\view\vcategory.ftl didn't change.
20556164 DEBUG [2015-01-18 00:31:25]  "common/live_common_meta.ftl"["zh_CN",UTF-8,parsed]  using cached since E:\Live03\live\live-web\src\main\webapp\WEB-INF\view\common\live_common_meta.ftl didn't change.
20556165 DEBUG [2015-01-18 00:31:25]  "common/live_common_js.ftl"["zh_CN",UTF-8,parsed]  using cached since E:\Live03\live\live-web\src\main\webapp\WEB-INF\view\common\live_common_js.ftl didn't change.
20556165 DEBUG [2015-01-18 00:31:25]  "common/zfpage.ftl"["zh_CN",UTF-8,parsed]  using cached since E:\Live03\live\live-web\src\main\webapp\WEB-INF\view\common\zfpage.ftl didn't change.
20556166 DEBUG [2015-01-18 00:31:25]  "common/head.ftl"["zh_CN",UTF-8,parsed]  using cached since E:\Live03\live\live-web\src\main\webapp\WEB-INF\view\common\head.ftl didn't change.
20556168 DEBUG [2015-01-18 00:31:25]  "common/bottom.ftl"["zh_CN",UTF-8,parsed]  using cached since E:\Live03\live\live-web\src\main\webapp\WEB-INF\view\common\bottom.ftl didn't change.
20556990 DEBUG [2015-01-18 00:31:26]  "vcategory.ftl"["zh_CN",UTF-8,parsed]  using cached since E:\Live03\live\live-web\src\main\webapp\WEB-INF\view\vcategory.ftl didn't change.
20556990 DEBUG [2015-01-18 00:31:26]  "common/live_common_meta.ftl"["zh_CN",UTF-8,parsed]  using cached since E:\Live03\live\live-web\src\main\webapp\WEB-INF\view\common\live_common_meta.ftl didn't change.
20556990 DEBUG [2015-01-18 00:31:26]  "common/live_common_js.ftl"["zh_CN",UTF-8,parsed]  using cached since E:\Live03\live\live-web\src\main\webapp\WEB-INF\view\common\live_common_js.ftl didn't change.
20556990 DEBUG [2015-01-18 00:31:26]  "common/zfpage.ftl"["zh_CN",UTF-8,parsed]  using cached since E:\Live03\live\live-web\src\main\webapp\WEB-INF\view\common\zfpage.ftl didn't change.
20556990 DEBUG [2015-01-18 00:31:26]  "common/head.ftl"["zh_CN",UTF-8,parsed]  using cached since E:\Live03\live\live-web\src\main\webapp\WEB-INF\view\common\head.ftl didn't change.
20556990 DEBUG [2015-01-18 00:31:26]  "common/bottom.ftl"["zh_CN",UTF-8,parsed]  using cached since E:\Live03\live\live-web\src\main\webapp\WEB-INF\view\common\bottom.ftl didn't change.
20558681 DEBUG [2015-01-18 00:31:28]  "vcategory.ftl"["zh_CN",UTF-8,parsed]  using cached since E:\Live03\live\live-web\src\main\webapp\WEB-INF\view\vcategory.ftl didn't change.
20558681 DEBUG [2015-01-18 00:31:28]  "common/live_common_meta.ftl"["zh_CN",UTF-8,parsed]  using cached since E:\Live03\live\live-web\src\main\webapp\WEB-INF\view\common\live_common_meta.ftl didn't change.
20558682 DEBUG [2015-01-18 00:31:28]  "common/live_common_js.ftl"["zh_CN",UTF-8,parsed]  using cached since E:\Live03\live\live-web\src\main\webapp\WEB-INF\view\common\live_common_js.ftl didn't change.
20558683 DEBUG [2015-01-18 00:31:28]  "common/zfpage.ftl"["zh_CN",UTF-8,parsed]  using cached since E:\Live03\live\live-web\src\main\webapp\WEB-INF\view\common\zfpage.ftl didn't change.
20558684 DEBUG [2015-01-18 00:31:28]  "common/head.ftl"["zh_CN",UTF-8,parsed]  using cached since E:\Live03\live\live-web\src\main\webapp\WEB-INF\view\common\head.ftl didn't change.
20558686 DEBUG [2015-01-18 00:31:28]  "common/bottom.ftl"["zh_CN",UTF-8,parsed]  using cached since E:\Live03\live\live-web\src\main\webapp\WEB-INF\view\common\bottom.ftl didn't change.
20559654 DEBUG [2015-01-18 00:31:29]  "videoview.ftl"["zh_CN",UTF-8,parsed]  using cached since E:\Live03\live\live-web\src\main\webapp\WEB-INF\view\videoview.ftl didn't change.
20559654 DEBUG [2015-01-18 00:31:29]  "common/live_common_meta.ftl"["zh_CN",UTF-8,parsed]  using cached since E:\Live03\live\live-web\src\main\webapp\WEB-INF\view\common\live_common_meta.ftl didn't change.
20559685 DEBUG [2015-01-18 00:31:29]  "common/live_common_js.ftl"["zh_CN",UTF-8,parsed]  using cached since E:\Live03\live\live-web\src\main\webapp\WEB-INF\view\common\live_common_js.ftl didn't change.
20559685 DEBUG [2015-01-18 00:31:29]  "common/head.ftl"["zh_CN",UTF-8,parsed]  using cached since E:\Live03\live\live-web\src\main\webapp\WEB-INF\view\common\head.ftl didn't change.
20559685 DEBUG [2015-01-18 00:31:29]  "common/bottom.ftl"["zh_CN",UTF-8,parsed]  using cached since E:\Live03\live\live-web\src\main\webapp\WEB-INF\view\common\bottom.ftl didn't change.
20609378 DEBUG [2015-01-18 00:32:18]  "videoview.ftl"["zh_CN",UTF-8,parsed]  using cached since E:\Live03\live\live-web\src\main\webapp\WEB-INF\view\videoview.ftl didn't change.
20609380 DEBUG [2015-01-18 00:32:18]  "common/live_common_meta.ftl"["zh_CN",UTF-8,parsed]  using cached since E:\Live03\live\live-web\src\main\webapp\WEB-INF\view\common\live_common_meta.ftl didn't change.
20609383 DEBUG [2015-01-18 00:32:18]  "common/live_common_js.ftl"["zh_CN",UTF-8,parsed]  using cached since E:\Live03\live\live-web\src\main\webapp\WEB-INF\view\common\live_common_js.ftl didn't change.
20609389 DEBUG [2015-01-18 00:32:18]  "common/head.ftl"["zh_CN",UTF-8,parsed]  using cached since E:\Live03\live\live-web\src\main\webapp\WEB-INF\view\common\head.ftl didn't change.
20609393 DEBUG [2015-01-18 00:32:18]  "common/bottom.ftl"["zh_CN",UTF-8,parsed]  using cached since E:\Live03\live\live-web\src\main\webapp\WEB-INF\view\common\bottom.ftl didn't change.
20672636 DEBUG [2015-01-18 00:33:22]  "videoview.ftl"["zh_CN",UTF-8,parsed]  using cached since E:\Live03\live\live-web\src\main\webapp\WEB-INF\view\videoview.ftl didn't change.
20672668 DEBUG [2015-01-18 00:33:22]  "common/live_common_meta.ftl"["zh_CN",UTF-8,parsed]  using cached since E:\Live03\live\live-web\src\main\webapp\WEB-INF\view\common\live_common_meta.ftl didn't change.
20672670 DEBUG [2015-01-18 00:33:22]  "common/live_common_js.ftl"["zh_CN",UTF-8,parsed]  using cached since E:\Live03\live\live-web\src\main\webapp\WEB-INF\view\common\live_common_js.ftl didn't change.
20672673 DEBUG [2015-01-18 00:33:22]  "common/head.ftl"["zh_CN",UTF-8,parsed]  using cached since E:\Live03\live\live-web\src\main\webapp\WEB-INF\view\common\head.ftl didn't change.
20672677 DEBUG [2015-01-18 00:33:22]  "common/bottom.ftl"["zh_CN",UTF-8,parsed]  using cached since E:\Live03\live\live-web\src\main\webapp\WEB-INF\view\common\bottom.ftl didn't change.
